{"__type":"$$EventMessageWorkflow","id":"105654a5-538f-4aa2-bfd1-38f1b1029517","ts":"2024-11-29T16:44:57.721+00:00","eventName":"n8n.workflow.started","message":"n8n.workflow.started","payload":{"executionId":"15","isManual":false}}
{"__type":"$$EventMessageConfirm","confirm":"105654a5-538f-4aa2-bfd1-38f1b1029517","ts":"2024-11-29T16:44:57.721+00:00","source":{"id":"0","name":"eventBus"}}
{"__type":"$$EventMessageNode","id":"fcb59e7c-cd63-4698-a42d-663b0ae32593","ts":"2024-11-29T16:44:57.721+00:00","eventName":"n8n.node.started","message":"n8n.node.started","payload":{"workflowId":"vt3IozycihtLIWwz","workflowName":"My workflow","executionId":"15","nodeType":"n8n-nodes-base.scheduleTrigger","nodeName":"Schedule Trigger"}}
{"__type":"$$EventMessageConfirm","confirm":"fcb59e7c-cd63-4698-a42d-663b0ae32593","ts":"2024-11-29T16:44:57.721+00:00","source":{"id":"0","name":"eventBus"}}
{"__type":"$$EventMessageNode","id":"64df1a0d-d0a3-4010-952e-42b812d5135f","ts":"2024-11-29T16:44:57.726+00:00","eventName":"n8n.node.finished","message":"n8n.node.finished","payload":{"workflowId":"vt3IozycihtLIWwz","workflowName":"My workflow","executionId":"15","nodeType":"n8n-nodes-base.scheduleTrigger","nodeName":"Schedule Trigger"}}
{"__type":"$$EventMessageConfirm","confirm":"64df1a0d-d0a3-4010-952e-42b812d5135f","ts":"2024-11-29T16:44:57.726+00:00","source":{"id":"0","name":"eventBus"}}
{"__type":"$$EventMessageNode","id":"9b16de0e-cc6c-47f8-921a-833df2042bba","ts":"2024-11-29T16:44:57.726+00:00","eventName":"n8n.node.started","message":"n8n.node.started","payload":{"workflowId":"vt3IozycihtLIWwz","workflowName":"My workflow","executionId":"15","nodeType":"n8n-nodes-base.httpRequest","nodeName":"HTTP Request"}}
{"__type":"$$EventMessageConfirm","confirm":"9b16de0e-cc6c-47f8-921a-833df2042bba","ts":"2024-11-29T16:44:57.726+00:00","source":{"id":"0","name":"eventBus"}}
{"__type":"$$EventMessageNode","id":"2ca14263-5491-4b3f-b777-ed00fd846aa9","ts":"2024-11-29T16:44:58.251+00:00","eventName":"n8n.node.finished","message":"n8n.node.finished","payload":{"workflowId":"vt3IozycihtLIWwz","workflowName":"My workflow","executionId":"15","nodeType":"n8n-nodes-base.httpRequest","nodeName":"HTTP Request"}}
{"__type":"$$EventMessageConfirm","confirm":"2ca14263-5491-4b3f-b777-ed00fd846aa9","ts":"2024-11-29T16:44:58.251+00:00","source":{"id":"0","name":"eventBus"}}
{"__type":"$$EventMessageNode","id":"1622c335-9ccf-41fc-a4ed-1eb1d03ea43b","ts":"2024-11-29T16:44:58.251+00:00","eventName":"n8n.node.started","message":"n8n.node.started","payload":{"workflowId":"vt3IozycihtLIWwz","workflowName":"My workflow","executionId":"15","nodeType":"n8n-nodes-base.telegram","nodeName":"Telegram"}}
{"__type":"$$EventMessageConfirm","confirm":"1622c335-9ccf-41fc-a4ed-1eb1d03ea43b","ts":"2024-11-29T16:44:58.251+00:00","source":{"id":"0","name":"eventBus"}}
{"__type":"$$EventMessageNode","id":"cf0771b7-72cb-41f4-9393-428fb8ba7faf","ts":"2024-11-29T19:44:58.685+03:00","eventName":"n8n.node.finished","message":"n8n.node.finished","payload":{"workflowId":"vt3IozycihtLIWwz","workflowName":"My workflow","executionId":"15","nodeType":"n8n-nodes-base.telegram","nodeName":"Telegram"}}
{"__type":"$$EventMessageConfirm","confirm":"cf0771b7-72cb-41f4-9393-428fb8ba7faf","ts":"2024-11-29T19:44:58.685+03:00","source":{"id":"0","name":"eventBus"}}
{"__type":"$$EventMessageWorkflow","id":"728a1fbb-2c6d-4146-90f9-99f75bf8e9fe","ts":"2024-11-29T19:44:58.705+03:00","eventName":"n8n.workflow.success","message":"n8n.workflow.success","payload":{"executionId":"15","userId":"849d5f14-2c00-4409-96d1-579b325ffe8a","success":true,"isManual":true,"workflowId":"vt3IozycihtLIWwz","workflowName":"My workflow"}}
{"__type":"$$EventMessageConfirm","confirm":"728a1fbb-2c6d-4146-90f9-99f75bf8e9fe","ts":"2024-11-29T19:44:58.705+03:00","source":{"id":"0","name":"eventBus"}}
{"__type":"$$EventMessageWorkflow","id":"39669a8f-7231-4bc8-859b-799cd5ec3081","ts":"2024-11-29T20:01:44.269+03:00","eventName":"n8n.workflow.started","message":"n8n.workflow.started","payload":{"executionId":"16","isManual":false}}
{"__type":"$$EventMessageConfirm","confirm":"39669a8f-7231-4bc8-859b-799cd5ec3081","ts":"2024-11-29T20:01:44.269+03:00","source":{"id":"0","name":"eventBus"}}
{"__type":"$$EventMessageNode","id":"337bf0ba-0e0e-4346-a7ac-370114a940c3","ts":"2024-11-29T20:01:44.269+03:00","eventName":"n8n.node.started","message":"n8n.node.started","payload":{"workflowId":"vt3IozycihtLIWwz","workflowName":"My workflow","executionId":"16","nodeType":"n8n-nodes-base.scheduleTrigger","nodeName":"Schedule Trigger"}}
{"__type":"$$EventMessageConfirm","confirm":"337bf0ba-0e0e-4346-a7ac-370114a940c3","ts":"2024-11-29T20:01:44.269+03:00","source":{"id":"0","name":"eventBus"}}
{"__type":"$$EventMessageNode","id":"9bc2860b-034e-4e9a-a146-57d6b7b57e31","ts":"2024-11-29T20:01:44.270+03:00","eventName":"n8n.node.finished","message":"n8n.node.finished","payload":{"workflowId":"vt3IozycihtLIWwz","workflowName":"My workflow","executionId":"16","nodeType":"n8n-nodes-base.scheduleTrigger","nodeName":"Schedule Trigger"}}
{"__type":"$$EventMessageConfirm","confirm":"9bc2860b-034e-4e9a-a146-57d6b7b57e31","ts":"2024-11-29T20:01:44.270+03:00","source":{"id":"0","name":"eventBus"}}
{"__type":"$$EventMessageNode","id":"850c8524-38f7-462d-85d6-5a446269ac09","ts":"2024-11-29T20:01:44.271+03:00","eventName":"n8n.node.started","message":"n8n.node.started","payload":{"workflowId":"vt3IozycihtLIWwz","workflowName":"My workflow","executionId":"16","nodeType":"n8n-nodes-base.httpRequest","nodeName":"HTTP Request"}}
{"__type":"$$EventMessageConfirm","confirm":"850c8524-38f7-462d-85d6-5a446269ac09","ts":"2024-11-29T20:01:44.271+03:00","source":{"id":"0","name":"eventBus"}}
{"__type":"$$EventMessageNode","id":"e2587176-c0af-45f2-bb48-59027720a5fc","ts":"2024-11-29T20:01:44.665+03:00","eventName":"n8n.node.finished","message":"n8n.node.finished","payload":{"workflowId":"vt3IozycihtLIWwz","workflowName":"My workflow","executionId":"16","nodeType":"n8n-nodes-base.httpRequest","nodeName":"HTTP Request"}}
{"__type":"$$EventMessageConfirm","confirm":"e2587176-c0af-45f2-bb48-59027720a5fc","ts":"2024-11-29T20:01:44.665+03:00","source":{"id":"0","name":"eventBus"}}
{"__type":"$$EventMessageNode","id":"1b750e0a-0762-4770-a42b-d8f917095dd5","ts":"2024-11-29T20:01:44.666+03:00","eventName":"n8n.node.started","message":"n8n.node.started","payload":{"workflowId":"vt3IozycihtLIWwz","workflowName":"My workflow","executionId":"16","nodeType":"n8n-nodes-base.telegram","nodeName":"Telegram"}}
{"__type":"$$EventMessageConfirm","confirm":"1b750e0a-0762-4770-a42b-d8f917095dd5","ts":"2024-11-29T20:01:44.666+03:00","source":{"id":"0","name":"eventBus"}}
{"__type":"$$EventMessageNode","id":"7957becc-9482-4a1c-8735-b85264b128b5","ts":"2024-11-29T20:01:45.257+03:00","eventName":"n8n.node.finished","message":"n8n.node.finished","payload":{"workflowId":"vt3IozycihtLIWwz","workflowName":"My workflow","executionId":"16","nodeType":"n8n-nodes-base.telegram","nodeName":"Telegram"}}
{"__type":"$$EventMessageConfirm","confirm":"7957becc-9482-4a1c-8735-b85264b128b5","ts":"2024-11-29T20:01:45.257+03:00","source":{"id":"0","name":"eventBus"}}
{"__type":"$$EventMessageWorkflow","id":"d57dcca5-3d3b-4664-9d93-833499baa0db","ts":"2024-11-29T20:01:45.276+03:00","eventName":"n8n.workflow.success","message":"n8n.workflow.success","payload":{"executionId":"16","userId":"849d5f14-2c00-4409-96d1-579b325ffe8a","success":true,"isManual":true,"workflowId":"vt3IozycihtLIWwz","workflowName":"My workflow"}}
{"__type":"$$EventMessageConfirm","confirm":"d57dcca5-3d3b-4664-9d93-833499baa0db","ts":"2024-11-29T20:01:45.276+03:00","source":{"id":"0","name":"eventBus"}}
