{"__type":"$$EventMessageWorkflow","id":"c96e7c30-5ce3-47ed-9292-4e85fb72b186","ts":"2024-11-30T11:12:01.345+00:00","eventName":"n8n.workflow.started","message":"n8n.workflow.started","payload":{"executionId":"17","isManual":false}}
{"__type":"$$EventMessageConfirm","confirm":"c96e7c30-5ce3-47ed-9292-4e85fb72b186","ts":"2024-11-30T11:12:01.345+00:00","source":{"id":"0","name":"eventBus"}}
{"__type":"$$EventMessageNode","id":"53bb0bd6-a775-43f6-9d9c-5f33e0846441","ts":"2024-11-30T11:12:01.346+00:00","eventName":"n8n.node.started","message":"n8n.node.started","payload":{"workflowId":"vt3IozycihtLIWwz","workflowName":"My workflow","executionId":"17","nodeType":"n8n-nodes-base.scheduleTrigger","nodeName":"Schedule Trigger"}}
{"__type":"$$EventMessageConfirm","confirm":"53bb0bd6-a775-43f6-9d9c-5f33e0846441","ts":"2024-11-30T11:12:01.346+00:00","source":{"id":"0","name":"eventBus"}}
{"__type":"$$EventMessageNode","id":"8b56ed1b-8697-47f3-9b65-c45a24145452","ts":"2024-11-30T11:12:01.350+00:00","eventName":"n8n.node.finished","message":"n8n.node.finished","payload":{"workflowId":"vt3IozycihtLIWwz","workflowName":"My workflow","executionId":"17","nodeType":"n8n-nodes-base.scheduleTrigger","nodeName":"Schedule Trigger"}}
{"__type":"$$EventMessageConfirm","confirm":"8b56ed1b-8697-47f3-9b65-c45a24145452","ts":"2024-11-30T11:12:01.351+00:00","source":{"id":"0","name":"eventBus"}}
{"__type":"$$EventMessageNode","id":"365e441a-d6fd-4414-997d-d2973fa7ccf6","ts":"2024-11-30T11:12:01.351+00:00","eventName":"n8n.node.started","message":"n8n.node.started","payload":{"workflowId":"vt3IozycihtLIWwz","workflowName":"My workflow","executionId":"17","nodeType":"n8n-nodes-base.httpRequest","nodeName":"HTTP Request"}}
{"__type":"$$EventMessageConfirm","confirm":"365e441a-d6fd-4414-997d-d2973fa7ccf6","ts":"2024-11-30T11:12:01.351+00:00","source":{"id":"0","name":"eventBus"}}
{"__type":"$$EventMessageNode","id":"730602fc-f189-40dc-a951-cad56902f145","ts":"2024-11-30T11:12:01.732+00:00","eventName":"n8n.node.finished","message":"n8n.node.finished","payload":{"workflowId":"vt3IozycihtLIWwz","workflowName":"My workflow","executionId":"17","nodeType":"n8n-nodes-base.httpRequest","nodeName":"HTTP Request"}}
{"__type":"$$EventMessageConfirm","confirm":"730602fc-f189-40dc-a951-cad56902f145","ts":"2024-11-30T11:12:01.732+00:00","source":{"id":"0","name":"eventBus"}}
{"__type":"$$EventMessageWorkflow","id":"c407c2fc-ec34-4aff-a946-dd3e7a43e19e","ts":"2024-11-30T11:12:01.749+00:00","eventName":"n8n.workflow.success","message":"n8n.workflow.success","payload":{"executionId":"17","userId":"849d5f14-2c00-4409-96d1-579b325ffe8a","success":true,"isManual":true,"workflowId":"vt3IozycihtLIWwz","workflowName":"My workflow"}}
{"__type":"$$EventMessageConfirm","confirm":"c407c2fc-ec34-4aff-a946-dd3e7a43e19e","ts":"2024-11-30T11:12:01.749+00:00","source":{"id":"0","name":"eventBus"}}
{"__type":"$$EventMessageWorkflow","id":"0323482b-d7df-4960-9caf-4d494d10fce4","ts":"2024-11-30T11:12:28.310+00:00","eventName":"n8n.workflow.started","message":"n8n.workflow.started","payload":{"executionId":"18","isManual":false}}
{"__type":"$$EventMessageConfirm","confirm":"0323482b-d7df-4960-9caf-4d494d10fce4","ts":"2024-11-30T11:12:28.310+00:00","source":{"id":"0","name":"eventBus"}}
{"__type":"$$EventMessageNode","id":"ba479096-3c91-4f08-af7f-215ae73230ca","ts":"2024-11-30T11:12:28.310+00:00","eventName":"n8n.node.started","message":"n8n.node.started","payload":{"workflowId":"vt3IozycihtLIWwz","workflowName":"My workflow","executionId":"18","nodeType":"n8n-nodes-base.telegram","nodeName":"Telegram"}}
{"__type":"$$EventMessageConfirm","confirm":"ba479096-3c91-4f08-af7f-215ae73230ca","ts":"2024-11-30T11:12:28.310+00:00","source":{"id":"0","name":"eventBus"}}
{"__type":"$$EventMessageNode","id":"67a0a618-1542-4ea2-9426-f06d2ba31635","ts":"2024-11-30T14:12:27.733+03:00","eventName":"n8n.node.finished","message":"n8n.node.finished","payload":{"workflowId":"vt3IozycihtLIWwz","workflowName":"My workflow","executionId":"18","nodeType":"n8n-nodes-base.telegram","nodeName":"Telegram"}}
{"__type":"$$EventMessageConfirm","confirm":"67a0a618-1542-4ea2-9426-f06d2ba31635","ts":"2024-11-30T14:12:27.733+03:00","source":{"id":"0","name":"eventBus"}}
{"__type":"$$EventMessageWorkflow","id":"0aec20d6-5e3f-4806-a8d4-1d8dc943bcf2","ts":"2024-11-30T14:12:27.750+03:00","eventName":"n8n.workflow.success","message":"n8n.workflow.success","payload":{"executionId":"18","userId":"849d5f14-2c00-4409-96d1-579b325ffe8a","success":true,"isManual":true,"workflowId":"vt3IozycihtLIWwz","workflowName":"My workflow"}}
{"__type":"$$EventMessageConfirm","confirm":"0aec20d6-5e3f-4806-a8d4-1d8dc943bcf2","ts":"2024-11-30T14:12:27.750+03:00","source":{"id":"0","name":"eventBus"}}
