{"__type":"$$EventMessageAudit","id":"4232897a-a1f3-4077-9eaf-45cf53545992","ts":"2024-11-29T15:26:37.317+00:00","eventName":"n8n.audit.user.login.failed","message":"n8n.audit.user.login.failed","payload":{"authenticationMethod":"email","userEmail":"Figanop@yandex.ru","reason":"wrong credentials"}}
{"__type":"$$EventMessageConfirm","confirm":"4232897a-a1f3-4077-9eaf-45cf53545992","ts":"2024-11-29T15:26:37.353+00:00","source":{"id":"0","name":"eventBus"}}
{"__type":"$$EventMessageAudit","id":"fc0dd55c-e808-43fb-ad1b-0df3a80eb14a","ts":"2024-11-29T15:26:38.309+00:00","eventName":"n8n.audit.user.login.failed","message":"n8n.audit.user.login.failed","payload":{"authenticationMethod":"email","userEmail":"Figanop@yandex.ru","reason":"wrong credentials"}}
{"__type":"$$EventMessageConfirm","confirm":"fc0dd55c-e808-43fb-ad1b-0df3a80eb14a","ts":"2024-11-29T15:26:38.309+00:00","source":{"id":"0","name":"eventBus"}}
{"__type":"$$EventMessageAudit","id":"0ff7adc0-3328-4582-8294-ecb54355861c","ts":"2024-11-29T15:26:43.428+00:00","eventName":"n8n.audit.user.login.failed","message":"n8n.audit.user.login.failed","payload":{"authenticationMethod":"email","userEmail":"Figanop@yandex.ru","reason":"wrong credentials"}}
{"__type":"$$EventMessageConfirm","confirm":"0ff7adc0-3328-4582-8294-ecb54355861c","ts":"2024-11-29T15:26:43.428+00:00","source":{"id":"0","name":"eventBus"}}
{"__type":"$$EventMessageAudit","id":"4b93e83f-8ab7-4733-a55c-6a06e1314bfc","ts":"2024-11-29T15:27:42.956+00:00","eventName":"n8n.audit.user.login.success","message":"n8n.audit.user.login.success","payload":{"userId":"849d5f14-2c00-4409-96d1-579b325ffe8a","_email":"figanop@inbox.ru","_firstName":"Alex","_lastName":"Nov","globalRole":"global:owner","authenticationMethod":"email"}}
{"__type":"$$EventMessageConfirm","confirm":"4b93e83f-8ab7-4733-a55c-6a06e1314bfc","ts":"2024-11-29T15:27:42.956+00:00","source":{"id":"0","name":"eventBus"}}
{"__type":"$$EventMessageWorkflow","id":"76ef0231-1465-4bc1-b8a0-ae276af55bde","ts":"2024-11-29T15:29:41.903+00:00","eventName":"n8n.workflow.started","message":"n8n.workflow.started","payload":{"executionId":"1","isManual":false}}
{"__type":"$$EventMessageConfirm","confirm":"76ef0231-1465-4bc1-b8a0-ae276af55bde","ts":"2024-11-29T15:29:41.904+00:00","source":{"id":"0","name":"eventBus"}}
{"__type":"$$EventMessageNode","id":"c6f38e03-87d5-44fe-a927-6d3415f494dc","ts":"2024-11-29T15:29:41.904+00:00","eventName":"n8n.node.started","message":"n8n.node.started","payload":{"workflowId":"vt3IozycihtLIWwz","workflowName":"My workflow","executionId":"1","nodeType":"n8n-nodes-base.scheduleTrigger","nodeName":"Schedule Trigger"}}
{"__type":"$$EventMessageConfirm","confirm":"c6f38e03-87d5-44fe-a927-6d3415f494dc","ts":"2024-11-29T15:29:41.904+00:00","source":{"id":"0","name":"eventBus"}}
{"__type":"$$EventMessageNode","id":"bfde0ce3-e320-49da-a76e-a82e8a917687","ts":"2024-11-29T15:29:41.909+00:00","eventName":"n8n.node.finished","message":"n8n.node.finished","payload":{"workflowId":"vt3IozycihtLIWwz","workflowName":"My workflow","executionId":"1","nodeType":"n8n-nodes-base.scheduleTrigger","nodeName":"Schedule Trigger"}}
{"__type":"$$EventMessageConfirm","confirm":"bfde0ce3-e320-49da-a76e-a82e8a917687","ts":"2024-11-29T15:29:41.909+00:00","source":{"id":"0","name":"eventBus"}}
{"__type":"$$EventMessageWorkflow","id":"a0f38b18-72f6-4c61-96b4-5b5e0e6b0578","ts":"2024-11-29T15:29:41.928+00:00","eventName":"n8n.workflow.success","message":"n8n.workflow.success","payload":{"executionId":"1","userId":"849d5f14-2c00-4409-96d1-579b325ffe8a","success":true,"isManual":true,"workflowId":"vt3IozycihtLIWwz","workflowName":"My workflow"}}
{"__type":"$$EventMessageConfirm","confirm":"a0f38b18-72f6-4c61-96b4-5b5e0e6b0578","ts":"2024-11-29T15:29:41.928+00:00","source":{"id":"0","name":"eventBus"}}
{"__type":"$$EventMessageAudit","id":"e767d3e4-98ad-4d72-9899-9f7ee3a8aabd","ts":"2024-11-29T15:33:06.790+00:00","eventName":"n8n.audit.user.credentials.created","message":"n8n.audit.user.credentials.created","payload":{"userId":"849d5f14-2c00-4409-96d1-579b325ffe8a","_email":"figanop@inbox.ru","_firstName":"Alex","_lastName":"Nov","globalRole":"global:owner","credentialType":"httpQueryAuth","credentialId":"iHnDtoufYJ8fJ131","publicApi":false,"projectId":"Ftg7YxHWOvgo8Ca7","projectType":"personal"}}
{"__type":"$$EventMessageConfirm","confirm":"e767d3e4-98ad-4d72-9899-9f7ee3a8aabd","ts":"2024-11-29T15:33:06.790+00:00","source":{"id":"0","name":"eventBus"}}
{"__type":"$$EventMessageWorkflow","id":"a5005fc2-3930-46d3-ad75-bb27b35a306a","ts":"2024-11-29T15:35:40.326+00:00","eventName":"n8n.workflow.started","message":"n8n.workflow.started","payload":{"executionId":"2","isManual":false}}
{"__type":"$$EventMessageConfirm","confirm":"a5005fc2-3930-46d3-ad75-bb27b35a306a","ts":"2024-11-29T15:35:40.326+00:00","source":{"id":"0","name":"eventBus"}}
{"__type":"$$EventMessageNode","id":"173485c4-736c-4b91-9d50-fe2dec08c220","ts":"2024-11-29T15:35:40.327+00:00","eventName":"n8n.node.started","message":"n8n.node.started","payload":{"workflowId":"vt3IozycihtLIWwz","workflowName":"My workflow","executionId":"2","nodeType":"n8n-nodes-base.httpRequest","nodeName":"HTTP Request"}}
{"__type":"$$EventMessageConfirm","confirm":"173485c4-736c-4b91-9d50-fe2dec08c220","ts":"2024-11-29T15:35:40.327+00:00","source":{"id":"0","name":"eventBus"}}
{"__type":"$$EventMessageNode","id":"9541ccb0-7166-4c75-92d8-185a3127c487","ts":"2024-11-29T15:35:40.731+00:00","eventName":"n8n.node.finished","message":"n8n.node.finished","payload":{"workflowId":"vt3IozycihtLIWwz","workflowName":"My workflow","executionId":"2","nodeType":"n8n-nodes-base.httpRequest","nodeName":"HTTP Request"}}
{"__type":"$$EventMessageConfirm","confirm":"9541ccb0-7166-4c75-92d8-185a3127c487","ts":"2024-11-29T15:35:40.732+00:00","source":{"id":"0","name":"eventBus"}}
{"__type":"$$EventMessageWorkflow","id":"64fe5fd0-d262-4415-83ec-5f4c5570578a","ts":"2024-11-29T15:35:40.750+00:00","eventName":"n8n.workflow.failed","message":"n8n.workflow.failed","payload":{"executionId":"2","userId":"849d5f14-2c00-4409-96d1-579b325ffe8a","success":false,"isManual":true,"workflowId":"vt3IozycihtLIWwz","workflowName":"My workflow","lastNodeExecuted":"HTTP Request","errorNodeType":"n8n-nodes-base.httpRequest","errorMessage":"Authorization failed - please check your credentials"}}
{"__type":"$$EventMessageConfirm","confirm":"64fe5fd0-d262-4415-83ec-5f4c5570578a","ts":"2024-11-29T15:35:40.750+00:00","source":{"id":"0","name":"eventBus"}}
{"__type":"$$EventMessageAudit","id":"88d47327-51cc-41e8-9896-0a6a8b371058","ts":"2024-11-29T15:36:27.628+00:00","eventName":"n8n.audit.user.credentials.updated","message":"n8n.audit.user.credentials.updated","payload":{"userId":"849d5f14-2c00-4409-96d1-579b325ffe8a","_email":"figanop@inbox.ru","_firstName":"Alex","_lastName":"Nov","globalRole":"global:owner","credentialType":"httpQueryAuth","credentialId":"iHnDtoufYJ8fJ131"}}
{"__type":"$$EventMessageConfirm","confirm":"88d47327-51cc-41e8-9896-0a6a8b371058","ts":"2024-11-29T15:36:27.628+00:00","source":{"id":"0","name":"eventBus"}}
{"__type":"$$EventMessageWorkflow","id":"fe7b9359-15a9-4543-8e6b-ec42a55370a4","ts":"2024-11-29T15:39:28.469+00:00","eventName":"n8n.workflow.started","message":"n8n.workflow.started","payload":{"executionId":"3","isManual":false}}
{"__type":"$$EventMessageConfirm","confirm":"fe7b9359-15a9-4543-8e6b-ec42a55370a4","ts":"2024-11-29T15:39:28.469+00:00","source":{"id":"0","name":"eventBus"}}
{"__type":"$$EventMessageNode","id":"f9a79a4b-d9b5-4adf-a88a-567ea7b45d0f","ts":"2024-11-29T15:39:28.470+00:00","eventName":"n8n.node.started","message":"n8n.node.started","payload":{"workflowId":"vt3IozycihtLIWwz","workflowName":"My workflow","executionId":"3","nodeType":"n8n-nodes-base.httpRequest","nodeName":"HTTP Request"}}
{"__type":"$$EventMessageConfirm","confirm":"f9a79a4b-d9b5-4adf-a88a-567ea7b45d0f","ts":"2024-11-29T15:39:28.470+00:00","source":{"id":"0","name":"eventBus"}}
{"__type":"$$EventMessageNode","id":"094d3436-1718-4319-8a30-3b1412c4cc66","ts":"2024-11-29T15:39:39.046+00:00","eventName":"n8n.node.finished","message":"n8n.node.finished","payload":{"workflowId":"vt3IozycihtLIWwz","workflowName":"My workflow","executionId":"3","nodeType":"n8n-nodes-base.httpRequest","nodeName":"HTTP Request"}}
{"__type":"$$EventMessageConfirm","confirm":"094d3436-1718-4319-8a30-3b1412c4cc66","ts":"2024-11-29T15:39:39.046+00:00","source":{"id":"0","name":"eventBus"}}
{"__type":"$$EventMessageWorkflow","id":"87738e96-f876-4d95-b945-04be8a25d80b","ts":"2024-11-29T15:39:39.067+00:00","eventName":"n8n.workflow.success","message":"n8n.workflow.success","payload":{"executionId":"3","userId":"849d5f14-2c00-4409-96d1-579b325ffe8a","success":true,"isManual":true,"workflowId":"vt3IozycihtLIWwz","workflowName":"My workflow"}}
{"__type":"$$EventMessageConfirm","confirm":"87738e96-f876-4d95-b945-04be8a25d80b","ts":"2024-11-29T15:39:39.067+00:00","source":{"id":"0","name":"eventBus"}}
{"__type":"$$EventMessageAudit","id":"171d188a-d461-4d20-9834-8de59c303386","ts":"2024-11-29T16:25:01.491+00:00","eventName":"n8n.audit.user.credentials.created","message":"n8n.audit.user.credentials.created","payload":{"userId":"849d5f14-2c00-4409-96d1-579b325ffe8a","_email":"figanop@inbox.ru","_firstName":"Alex","_lastName":"Nov","globalRole":"global:owner","credentialType":"telegramApi","credentialId":"QykBCKKr5lFdLcZB","publicApi":false,"projectId":"Ftg7YxHWOvgo8Ca7","projectType":"personal"}}
{"__type":"$$EventMessageConfirm","confirm":"171d188a-d461-4d20-9834-8de59c303386","ts":"2024-11-29T16:25:01.492+00:00","source":{"id":"0","name":"eventBus"}}
{"__type":"$$EventMessageWorkflow","id":"1cfda0e6-ddfb-4cba-881c-b7e97fe5cf01","ts":"2024-11-29T19:26:25.345+03:00","eventName":"n8n.workflow.started","message":"n8n.workflow.started","payload":{"executionId":"4","isManual":false}}
{"__type":"$$EventMessageConfirm","confirm":"1cfda0e6-ddfb-4cba-881c-b7e97fe5cf01","ts":"2024-11-29T19:26:25.345+03:00","source":{"id":"0","name":"eventBus"}}
{"__type":"$$EventMessageNode","id":"161522f1-c1b1-45a9-8ab0-90530c9ecb51","ts":"2024-11-29T19:26:25.345+03:00","eventName":"n8n.node.started","message":"n8n.node.started","payload":{"workflowId":"vt3IozycihtLIWwz","workflowName":"My workflow","executionId":"4","nodeType":"n8n-nodes-base.telegram","nodeName":"Telegram"}}
{"__type":"$$EventMessageConfirm","confirm":"161522f1-c1b1-45a9-8ab0-90530c9ecb51","ts":"2024-11-29T19:26:25.345+03:00","source":{"id":"0","name":"eventBus"}}
{"__type":"$$EventMessageNode","id":"9451f9cf-fb63-4ad0-8877-e9b81859439b","ts":"2024-11-29T19:26:25.605+03:00","eventName":"n8n.node.finished","message":"n8n.node.finished","payload":{"workflowId":"vt3IozycihtLIWwz","workflowName":"My workflow","executionId":"4","nodeType":"n8n-nodes-base.telegram","nodeName":"Telegram"}}
{"__type":"$$EventMessageConfirm","confirm":"9451f9cf-fb63-4ad0-8877-e9b81859439b","ts":"2024-11-29T19:26:25.605+03:00","source":{"id":"0","name":"eventBus"}}
{"__type":"$$EventMessageWorkflow","id":"ef37e8ae-235c-44d4-b4e2-58585a23c6f6","ts":"2024-11-29T19:26:25.621+03:00","eventName":"n8n.workflow.failed","message":"n8n.workflow.failed","payload":{"executionId":"4","userId":"849d5f14-2c00-4409-96d1-579b325ffe8a","success":false,"isManual":true,"workflowId":"vt3IozycihtLIWwz","workflowName":"My workflow","lastNodeExecuted":"Telegram","errorNodeType":"n8n-nodes-base.telegram","errorMessage":"Bad request - please check your parameters"}}
{"__type":"$$EventMessageConfirm","confirm":"ef37e8ae-235c-44d4-b4e2-58585a23c6f6","ts":"2024-11-29T19:26:25.621+03:00","source":{"id":"0","name":"eventBus"}}
{"__type":"$$EventMessageWorkflow","id":"7958b48f-dc60-4c06-a7ce-b2b57f173b31","ts":"2024-11-29T19:26:55.974+03:00","eventName":"n8n.workflow.started","message":"n8n.workflow.started","payload":{"executionId":"5","isManual":false}}
{"__type":"$$EventMessageConfirm","confirm":"7958b48f-dc60-4c06-a7ce-b2b57f173b31","ts":"2024-11-29T19:26:55.974+03:00","source":{"id":"0","name":"eventBus"}}
{"__type":"$$EventMessageNode","id":"a0cf4d7d-020e-4575-a04f-38ebcab2270c","ts":"2024-11-29T19:26:55.974+03:00","eventName":"n8n.node.started","message":"n8n.node.started","payload":{"workflowId":"vt3IozycihtLIWwz","workflowName":"My workflow","executionId":"5","nodeType":"n8n-nodes-base.scheduleTrigger","nodeName":"Schedule Trigger"}}
{"__type":"$$EventMessageConfirm","confirm":"a0cf4d7d-020e-4575-a04f-38ebcab2270c","ts":"2024-11-29T19:26:55.974+03:00","source":{"id":"0","name":"eventBus"}}
{"__type":"$$EventMessageNode","id":"1456b350-17a9-4f6e-b5d0-d8f4aac77373","ts":"2024-11-29T19:26:55.975+03:00","eventName":"n8n.node.finished","message":"n8n.node.finished","payload":{"workflowId":"vt3IozycihtLIWwz","workflowName":"My workflow","executionId":"5","nodeType":"n8n-nodes-base.scheduleTrigger","nodeName":"Schedule Trigger"}}
{"__type":"$$EventMessageConfirm","confirm":"1456b350-17a9-4f6e-b5d0-d8f4aac77373","ts":"2024-11-29T19:26:55.975+03:00","source":{"id":"0","name":"eventBus"}}
{"__type":"$$EventMessageNode","id":"704c049b-6fef-497b-92b3-261cb5728d47","ts":"2024-11-29T19:26:55.975+03:00","eventName":"n8n.node.started","message":"n8n.node.started","payload":{"workflowId":"vt3IozycihtLIWwz","workflowName":"My workflow","executionId":"5","nodeType":"n8n-nodes-base.httpRequest","nodeName":"HTTP Request"}}
{"__type":"$$EventMessageConfirm","confirm":"704c049b-6fef-497b-92b3-261cb5728d47","ts":"2024-11-29T19:26:55.975+03:00","source":{"id":"0","name":"eventBus"}}
{"__type":"$$EventMessageNode","id":"5113a51a-3801-4bb8-a755-e107c27d28c3","ts":"2024-11-29T19:26:56.866+03:00","eventName":"n8n.node.finished","message":"n8n.node.finished","payload":{"workflowId":"vt3IozycihtLIWwz","workflowName":"My workflow","executionId":"5","nodeType":"n8n-nodes-base.httpRequest","nodeName":"HTTP Request"}}
{"__type":"$$EventMessageConfirm","confirm":"5113a51a-3801-4bb8-a755-e107c27d28c3","ts":"2024-11-29T19:26:56.866+03:00","source":{"id":"0","name":"eventBus"}}
{"__type":"$$EventMessageNode","id":"02eae9e0-14a5-49a2-86a2-cd8014f3dc22","ts":"2024-11-29T19:26:56.866+03:00","eventName":"n8n.node.started","message":"n8n.node.started","payload":{"workflowId":"vt3IozycihtLIWwz","workflowName":"My workflow","executionId":"5","nodeType":"n8n-nodes-base.telegram","nodeName":"Telegram"}}
{"__type":"$$EventMessageConfirm","confirm":"02eae9e0-14a5-49a2-86a2-cd8014f3dc22","ts":"2024-11-29T19:26:56.866+03:00","source":{"id":"0","name":"eventBus"}}
{"__type":"$$EventMessageNode","id":"aa9736d2-c064-43e6-8769-f8ee19403215","ts":"2024-11-29T19:26:56.998+03:00","eventName":"n8n.node.finished","message":"n8n.node.finished","payload":{"workflowId":"vt3IozycihtLIWwz","workflowName":"My workflow","executionId":"5","nodeType":"n8n-nodes-base.telegram","nodeName":"Telegram"}}
{"__type":"$$EventMessageConfirm","confirm":"aa9736d2-c064-43e6-8769-f8ee19403215","ts":"2024-11-29T19:26:56.998+03:00","source":{"id":"0","name":"eventBus"}}
{"__type":"$$EventMessageWorkflow","id":"42699583-66f1-49c0-a23f-8c0228d25476","ts":"2024-11-29T19:26:57.014+03:00","eventName":"n8n.workflow.failed","message":"n8n.workflow.failed","payload":{"executionId":"5","userId":"849d5f14-2c00-4409-96d1-579b325ffe8a","success":false,"isManual":true,"workflowId":"vt3IozycihtLIWwz","workflowName":"My workflow","lastNodeExecuted":"Telegram","errorNodeType":"n8n-nodes-base.telegram","errorMessage":"Bad request - please check your parameters"}}
{"__type":"$$EventMessageConfirm","confirm":"42699583-66f1-49c0-a23f-8c0228d25476","ts":"2024-11-29T19:26:57.014+03:00","source":{"id":"0","name":"eventBus"}}
{"__type":"$$EventMessageWorkflow","id":"ff5bd217-d591-41b1-ba16-699b11779e03","ts":"2024-11-29T19:27:41.345+03:00","eventName":"n8n.workflow.started","message":"n8n.workflow.started","payload":{"executionId":"6","isManual":false}}
{"__type":"$$EventMessageConfirm","confirm":"ff5bd217-d591-41b1-ba16-699b11779e03","ts":"2024-11-29T19:27:41.345+03:00","source":{"id":"0","name":"eventBus"}}
{"__type":"$$EventMessageNode","id":"30ad9586-1ec2-4b6b-b5e8-4dbc27cf06a8","ts":"2024-11-29T19:27:41.345+03:00","eventName":"n8n.node.started","message":"n8n.node.started","payload":{"workflowId":"vt3IozycihtLIWwz","workflowName":"My workflow","executionId":"6","nodeType":"n8n-nodes-base.telegram","nodeName":"Telegram"}}
{"__type":"$$EventMessageConfirm","confirm":"30ad9586-1ec2-4b6b-b5e8-4dbc27cf06a8","ts":"2024-11-29T19:27:41.345+03:00","source":{"id":"0","name":"eventBus"}}
{"__type":"$$EventMessageNode","id":"035e1876-a594-4b98-8b1c-08ce648a15e6","ts":"2024-11-29T19:27:41.500+03:00","eventName":"n8n.node.finished","message":"n8n.node.finished","payload":{"workflowId":"vt3IozycihtLIWwz","workflowName":"My workflow","executionId":"6","nodeType":"n8n-nodes-base.telegram","nodeName":"Telegram"}}
{"__type":"$$EventMessageConfirm","confirm":"035e1876-a594-4b98-8b1c-08ce648a15e6","ts":"2024-11-29T19:27:41.500+03:00","source":{"id":"0","name":"eventBus"}}
{"__type":"$$EventMessageWorkflow","id":"3abf663d-1df8-4056-9571-fbea3f30fba1","ts":"2024-11-29T19:27:41.518+03:00","eventName":"n8n.workflow.failed","message":"n8n.workflow.failed","payload":{"executionId":"6","userId":"849d5f14-2c00-4409-96d1-579b325ffe8a","success":false,"isManual":true,"workflowId":"vt3IozycihtLIWwz","workflowName":"My workflow","lastNodeExecuted":"Telegram","errorNodeType":"n8n-nodes-base.telegram","errorMessage":"Bad request - please check your parameters"}}
{"__type":"$$EventMessageConfirm","confirm":"3abf663d-1df8-4056-9571-fbea3f30fba1","ts":"2024-11-29T19:27:41.518+03:00","source":{"id":"0","name":"eventBus"}}
{"__type":"$$EventMessageWorkflow","id":"138cb9dc-f278-4759-b167-8739c297a956","ts":"2024-11-29T19:35:36.449+03:00","eventName":"n8n.workflow.started","message":"n8n.workflow.started","payload":{"executionId":"7","isManual":false}}
{"__type":"$$EventMessageConfirm","confirm":"138cb9dc-f278-4759-b167-8739c297a956","ts":"2024-11-29T19:35:36.449+03:00","source":{"id":"0","name":"eventBus"}}
{"__type":"$$EventMessageNode","id":"1556e79a-7344-418d-a6b6-09898d01aa7c","ts":"2024-11-29T19:35:36.450+03:00","eventName":"n8n.node.started","message":"n8n.node.started","payload":{"workflowId":"vt3IozycihtLIWwz","workflowName":"My workflow","executionId":"7","nodeType":"n8n-nodes-base.telegram","nodeName":"Telegram"}}
{"__type":"$$EventMessageConfirm","confirm":"1556e79a-7344-418d-a6b6-09898d01aa7c","ts":"2024-11-29T19:35:36.450+03:00","source":{"id":"0","name":"eventBus"}}
{"__type":"$$EventMessageNode","id":"40e2983b-f6b5-4c4e-9bda-b206a2dc13cf","ts":"2024-11-29T19:35:36.927+03:00","eventName":"n8n.node.finished","message":"n8n.node.finished","payload":{"workflowId":"vt3IozycihtLIWwz","workflowName":"My workflow","executionId":"7","nodeType":"n8n-nodes-base.telegram","nodeName":"Telegram"}}
{"__type":"$$EventMessageConfirm","confirm":"40e2983b-f6b5-4c4e-9bda-b206a2dc13cf","ts":"2024-11-29T19:35:36.927+03:00","source":{"id":"0","name":"eventBus"}}
{"__type":"$$EventMessageWorkflow","id":"5ce9d872-af9f-474e-aedb-0721c431a789","ts":"2024-11-29T19:35:36.942+03:00","eventName":"n8n.workflow.failed","message":"n8n.workflow.failed","payload":{"executionId":"7","userId":"849d5f14-2c00-4409-96d1-579b325ffe8a","success":false,"isManual":true,"workflowId":"vt3IozycihtLIWwz","workflowName":"My workflow","lastNodeExecuted":"Telegram","errorNodeType":"n8n-nodes-base.telegram","errorMessage":"Bad request - please check your parameters"}}
{"__type":"$$EventMessageConfirm","confirm":"5ce9d872-af9f-474e-aedb-0721c431a789","ts":"2024-11-29T19:35:36.942+03:00","source":{"id":"0","name":"eventBus"}}
{"__type":"$$EventMessageWorkflow","id":"ae2e7bbb-553d-41eb-a28b-a073971c70fc","ts":"2024-11-29T19:36:15.316+03:00","eventName":"n8n.workflow.started","message":"n8n.workflow.started","payload":{"executionId":"8","isManual":false}}
{"__type":"$$EventMessageConfirm","confirm":"ae2e7bbb-553d-41eb-a28b-a073971c70fc","ts":"2024-11-29T19:36:15.317+03:00","source":{"id":"0","name":"eventBus"}}
{"__type":"$$EventMessageNode","id":"cfefd911-fd57-411c-a917-29d05fc213aa","ts":"2024-11-29T19:36:15.317+03:00","eventName":"n8n.node.started","message":"n8n.node.started","payload":{"workflowId":"vt3IozycihtLIWwz","workflowName":"My workflow","executionId":"8","nodeType":"n8n-nodes-base.telegram","nodeName":"Telegram"}}
{"__type":"$$EventMessageConfirm","confirm":"cfefd911-fd57-411c-a917-29d05fc213aa","ts":"2024-11-29T19:36:15.317+03:00","source":{"id":"0","name":"eventBus"}}
{"__type":"$$EventMessageNode","id":"56a74d3b-58a1-45bd-afd0-70707ef16196","ts":"2024-11-29T19:36:15.535+03:00","eventName":"n8n.node.finished","message":"n8n.node.finished","payload":{"workflowId":"vt3IozycihtLIWwz","workflowName":"My workflow","executionId":"8","nodeType":"n8n-nodes-base.telegram","nodeName":"Telegram"}}
{"__type":"$$EventMessageConfirm","confirm":"56a74d3b-58a1-45bd-afd0-70707ef16196","ts":"2024-11-29T19:36:15.535+03:00","source":{"id":"0","name":"eventBus"}}
{"__type":"$$EventMessageWorkflow","id":"97d6aa0d-8337-441d-b856-70a11d3e16c4","ts":"2024-11-29T19:36:15.551+03:00","eventName":"n8n.workflow.success","message":"n8n.workflow.success","payload":{"executionId":"8","userId":"849d5f14-2c00-4409-96d1-579b325ffe8a","success":true,"isManual":true,"workflowId":"vt3IozycihtLIWwz","workflowName":"My workflow"}}
{"__type":"$$EventMessageConfirm","confirm":"97d6aa0d-8337-441d-b856-70a11d3e16c4","ts":"2024-11-29T19:36:15.551+03:00","source":{"id":"0","name":"eventBus"}}
{"__type":"$$EventMessageWorkflow","id":"d2fa9b0e-6b0a-4e6f-8dcc-40d7c1473305","ts":"2024-11-29T19:37:16.002+03:00","eventName":"n8n.workflow.started","message":"n8n.workflow.started","payload":{"executionId":"9","isManual":false}}
{"__type":"$$EventMessageConfirm","confirm":"d2fa9b0e-6b0a-4e6f-8dcc-40d7c1473305","ts":"2024-11-29T19:37:16.002+03:00","source":{"id":"0","name":"eventBus"}}
{"__type":"$$EventMessageNode","id":"96723a51-ad1e-427f-a716-cf5e3cead5ac","ts":"2024-11-29T19:37:16.002+03:00","eventName":"n8n.node.started","message":"n8n.node.started","payload":{"workflowId":"vt3IozycihtLIWwz","workflowName":"My workflow","executionId":"9","nodeType":"n8n-nodes-base.telegram","nodeName":"Telegram"}}
{"__type":"$$EventMessageConfirm","confirm":"96723a51-ad1e-427f-a716-cf5e3cead5ac","ts":"2024-11-29T19:37:16.002+03:00","source":{"id":"0","name":"eventBus"}}
{"__type":"$$EventMessageNode","id":"2fb5bcee-5e8c-4f9f-84f1-1a471f3c7682","ts":"2024-11-29T19:37:16.196+03:00","eventName":"n8n.node.finished","message":"n8n.node.finished","payload":{"workflowId":"vt3IozycihtLIWwz","workflowName":"My workflow","executionId":"9","nodeType":"n8n-nodes-base.telegram","nodeName":"Telegram"}}
{"__type":"$$EventMessageConfirm","confirm":"2fb5bcee-5e8c-4f9f-84f1-1a471f3c7682","ts":"2024-11-29T19:37:16.196+03:00","source":{"id":"0","name":"eventBus"}}
{"__type":"$$EventMessageWorkflow","id":"67b5a1af-e2f5-4f12-b63f-2481dded63d2","ts":"2024-11-29T19:37:16.214+03:00","eventName":"n8n.workflow.success","message":"n8n.workflow.success","payload":{"executionId":"9","userId":"849d5f14-2c00-4409-96d1-579b325ffe8a","success":true,"isManual":true,"workflowId":"vt3IozycihtLIWwz","workflowName":"My workflow"}}
{"__type":"$$EventMessageConfirm","confirm":"67b5a1af-e2f5-4f12-b63f-2481dded63d2","ts":"2024-11-29T19:37:16.214+03:00","source":{"id":"0","name":"eventBus"}}
{"__type":"$$EventMessageWorkflow","id":"12f4e56b-be02-4b51-b732-933542859af7","ts":"2024-11-29T19:37:59.556+03:00","eventName":"n8n.workflow.started","message":"n8n.workflow.started","payload":{"executionId":"10","isManual":false}}
{"__type":"$$EventMessageConfirm","confirm":"12f4e56b-be02-4b51-b732-933542859af7","ts":"2024-11-29T19:37:59.556+03:00","source":{"id":"0","name":"eventBus"}}
{"__type":"$$EventMessageNode","id":"c336ee82-2572-49ea-adf8-27daee0d2bc9","ts":"2024-11-29T19:37:59.556+03:00","eventName":"n8n.node.started","message":"n8n.node.started","payload":{"workflowId":"vt3IozycihtLIWwz","workflowName":"My workflow","executionId":"10","nodeType":"n8n-nodes-base.scheduleTrigger","nodeName":"Schedule Trigger"}}
{"__type":"$$EventMessageConfirm","confirm":"c336ee82-2572-49ea-adf8-27daee0d2bc9","ts":"2024-11-29T19:37:59.556+03:00","source":{"id":"0","name":"eventBus"}}
{"__type":"$$EventMessageNode","id":"4ceaf045-ef2b-49b2-83e7-3fbdb3066a48","ts":"2024-11-29T19:37:59.557+03:00","eventName":"n8n.node.finished","message":"n8n.node.finished","payload":{"workflowId":"vt3IozycihtLIWwz","workflowName":"My workflow","executionId":"10","nodeType":"n8n-nodes-base.scheduleTrigger","nodeName":"Schedule Trigger"}}
{"__type":"$$EventMessageConfirm","confirm":"4ceaf045-ef2b-49b2-83e7-3fbdb3066a48","ts":"2024-11-29T19:37:59.557+03:00","source":{"id":"0","name":"eventBus"}}
{"__type":"$$EventMessageNode","id":"aad05a55-d5eb-4dad-97e1-60c1b8508f4e","ts":"2024-11-29T19:37:59.558+03:00","eventName":"n8n.node.started","message":"n8n.node.started","payload":{"workflowId":"vt3IozycihtLIWwz","workflowName":"My workflow","executionId":"10","nodeType":"n8n-nodes-base.httpRequest","nodeName":"HTTP Request"}}
{"__type":"$$EventMessageConfirm","confirm":"aad05a55-d5eb-4dad-97e1-60c1b8508f4e","ts":"2024-11-29T19:37:59.558+03:00","source":{"id":"0","name":"eventBus"}}
{"__type":"$$EventMessageNode","id":"b015a04f-a8b3-4b23-970b-8b9f9865be09","ts":"2024-11-29T19:38:00.087+03:00","eventName":"n8n.node.finished","message":"n8n.node.finished","payload":{"workflowId":"vt3IozycihtLIWwz","workflowName":"My workflow","executionId":"10","nodeType":"n8n-nodes-base.httpRequest","nodeName":"HTTP Request"}}
{"__type":"$$EventMessageConfirm","confirm":"b015a04f-a8b3-4b23-970b-8b9f9865be09","ts":"2024-11-29T19:38:00.087+03:00","source":{"id":"0","name":"eventBus"}}
{"__type":"$$EventMessageNode","id":"e7769db9-f338-419a-93a6-6d25a5ee78ab","ts":"2024-11-29T19:38:00.087+03:00","eventName":"n8n.node.started","message":"n8n.node.started","payload":{"workflowId":"vt3IozycihtLIWwz","workflowName":"My workflow","executionId":"10","nodeType":"n8n-nodes-base.telegram","nodeName":"Telegram"}}
{"__type":"$$EventMessageConfirm","confirm":"e7769db9-f338-419a-93a6-6d25a5ee78ab","ts":"2024-11-29T19:38:00.088+03:00","source":{"id":"0","name":"eventBus"}}
{"__type":"$$EventMessageNode","id":"c35fab02-b8d4-4ea8-b7e2-9c4344650dea","ts":"2024-11-29T19:38:00.398+03:00","eventName":"n8n.node.finished","message":"n8n.node.finished","payload":{"workflowId":"vt3IozycihtLIWwz","workflowName":"My workflow","executionId":"10","nodeType":"n8n-nodes-base.telegram","nodeName":"Telegram"}}
{"__type":"$$EventMessageConfirm","confirm":"c35fab02-b8d4-4ea8-b7e2-9c4344650dea","ts":"2024-11-29T19:38:00.399+03:00","source":{"id":"0","name":"eventBus"}}
{"__type":"$$EventMessageWorkflow","id":"13c0822b-2ffe-478f-acec-ea41bfd0ce98","ts":"2024-11-29T19:38:00.415+03:00","eventName":"n8n.workflow.success","message":"n8n.workflow.success","payload":{"executionId":"10","userId":"849d5f14-2c00-4409-96d1-579b325ffe8a","success":true,"isManual":true,"workflowId":"vt3IozycihtLIWwz","workflowName":"My workflow"}}
{"__type":"$$EventMessageConfirm","confirm":"13c0822b-2ffe-478f-acec-ea41bfd0ce98","ts":"2024-11-29T19:38:00.416+03:00","source":{"id":"0","name":"eventBus"}}
{"__type":"$$EventMessageWorkflow","id":"145f6e82-0883-418c-8b89-725905fece99","ts":"2024-11-29T19:38:04.608+03:00","eventName":"n8n.workflow.started","message":"n8n.workflow.started","payload":{"executionId":"11","isManual":false}}
{"__type":"$$EventMessageConfirm","confirm":"145f6e82-0883-418c-8b89-725905fece99","ts":"2024-11-29T19:38:04.608+03:00","source":{"id":"0","name":"eventBus"}}
{"__type":"$$EventMessageNode","id":"959bb980-49c4-4b3c-b447-4c9c9d05dac2","ts":"2024-11-29T19:38:04.609+03:00","eventName":"n8n.node.started","message":"n8n.node.started","payload":{"workflowId":"vt3IozycihtLIWwz","workflowName":"My workflow","executionId":"11","nodeType":"n8n-nodes-base.scheduleTrigger","nodeName":"Schedule Trigger"}}
{"__type":"$$EventMessageConfirm","confirm":"959bb980-49c4-4b3c-b447-4c9c9d05dac2","ts":"2024-11-29T19:38:04.609+03:00","source":{"id":"0","name":"eventBus"}}
{"__type":"$$EventMessageNode","id":"1bd8dee9-b53e-4cdf-9102-9804c582353c","ts":"2024-11-29T19:38:04.609+03:00","eventName":"n8n.node.finished","message":"n8n.node.finished","payload":{"workflowId":"vt3IozycihtLIWwz","workflowName":"My workflow","executionId":"11","nodeType":"n8n-nodes-base.scheduleTrigger","nodeName":"Schedule Trigger"}}
{"__type":"$$EventMessageConfirm","confirm":"1bd8dee9-b53e-4cdf-9102-9804c582353c","ts":"2024-11-29T19:38:04.609+03:00","source":{"id":"0","name":"eventBus"}}
{"__type":"$$EventMessageNode","id":"7aa2c96e-a447-4cf9-bbc4-b3d1b03687e0","ts":"2024-11-29T19:38:04.609+03:00","eventName":"n8n.node.started","message":"n8n.node.started","payload":{"workflowId":"vt3IozycihtLIWwz","workflowName":"My workflow","executionId":"11","nodeType":"n8n-nodes-base.httpRequest","nodeName":"HTTP Request"}}
{"__type":"$$EventMessageConfirm","confirm":"7aa2c96e-a447-4cf9-bbc4-b3d1b03687e0","ts":"2024-11-29T19:38:04.609+03:00","source":{"id":"0","name":"eventBus"}}
{"__type":"$$EventMessageNode","id":"3429c4b8-6b5a-447a-9090-9310a3b92395","ts":"2024-11-29T19:38:04.989+03:00","eventName":"n8n.node.finished","message":"n8n.node.finished","payload":{"workflowId":"vt3IozycihtLIWwz","workflowName":"My workflow","executionId":"11","nodeType":"n8n-nodes-base.httpRequest","nodeName":"HTTP Request"}}
{"__type":"$$EventMessageConfirm","confirm":"3429c4b8-6b5a-447a-9090-9310a3b92395","ts":"2024-11-29T19:38:04.989+03:00","source":{"id":"0","name":"eventBus"}}
{"__type":"$$EventMessageNode","id":"f38e4e94-6c3a-4f82-82c4-8fb097458e1b","ts":"2024-11-29T19:38:04.990+03:00","eventName":"n8n.node.started","message":"n8n.node.started","payload":{"workflowId":"vt3IozycihtLIWwz","workflowName":"My workflow","executionId":"11","nodeType":"n8n-nodes-base.telegram","nodeName":"Telegram"}}
{"__type":"$$EventMessageConfirm","confirm":"f38e4e94-6c3a-4f82-82c4-8fb097458e1b","ts":"2024-11-29T19:38:04.990+03:00","source":{"id":"0","name":"eventBus"}}
{"__type":"$$EventMessageNode","id":"f62ab9c9-7c44-4fad-b721-877299356bf1","ts":"2024-11-29T19:38:05.160+03:00","eventName":"n8n.node.finished","message":"n8n.node.finished","payload":{"workflowId":"vt3IozycihtLIWwz","workflowName":"My workflow","executionId":"11","nodeType":"n8n-nodes-base.telegram","nodeName":"Telegram"}}
{"__type":"$$EventMessageConfirm","confirm":"f62ab9c9-7c44-4fad-b721-877299356bf1","ts":"2024-11-29T19:38:05.160+03:00","source":{"id":"0","name":"eventBus"}}
{"__type":"$$EventMessageWorkflow","id":"7ac170e4-5bdd-4592-9ee2-6c3f5b8f2210","ts":"2024-11-29T19:38:05.177+03:00","eventName":"n8n.workflow.success","message":"n8n.workflow.success","payload":{"executionId":"11","userId":"849d5f14-2c00-4409-96d1-579b325ffe8a","success":true,"isManual":true,"workflowId":"vt3IozycihtLIWwz","workflowName":"My workflow"}}
{"__type":"$$EventMessageConfirm","confirm":"7ac170e4-5bdd-4592-9ee2-6c3f5b8f2210","ts":"2024-11-29T19:38:05.177+03:00","source":{"id":"0","name":"eventBus"}}
{"__type":"$$EventMessageWorkflow","id":"8270fd4e-7580-4190-958f-dad0078faacd","ts":"2024-11-29T19:39:19.434+03:00","eventName":"n8n.workflow.started","message":"n8n.workflow.started","payload":{"executionId":"12","isManual":false}}
{"__type":"$$EventMessageConfirm","confirm":"8270fd4e-7580-4190-958f-dad0078faacd","ts":"2024-11-29T19:39:19.434+03:00","source":{"id":"0","name":"eventBus"}}
{"__type":"$$EventMessageNode","id":"bc87d173-ac29-4ad3-9d14-810eee572003","ts":"2024-11-29T19:39:19.434+03:00","eventName":"n8n.node.started","message":"n8n.node.started","payload":{"workflowId":"vt3IozycihtLIWwz","workflowName":"My workflow","executionId":"12","nodeType":"n8n-nodes-base.telegram","nodeName":"Telegram"}}
{"__type":"$$EventMessageConfirm","confirm":"bc87d173-ac29-4ad3-9d14-810eee572003","ts":"2024-11-29T19:39:19.434+03:00","source":{"id":"0","name":"eventBus"}}
{"__type":"$$EventMessageNode","id":"642faf2b-86e2-4d92-bee8-c67c4c6dc544","ts":"2024-11-29T19:39:19.953+03:00","eventName":"n8n.node.finished","message":"n8n.node.finished","payload":{"workflowId":"vt3IozycihtLIWwz","workflowName":"My workflow","executionId":"12","nodeType":"n8n-nodes-base.telegram","nodeName":"Telegram"}}
{"__type":"$$EventMessageConfirm","confirm":"642faf2b-86e2-4d92-bee8-c67c4c6dc544","ts":"2024-11-29T19:39:19.954+03:00","source":{"id":"0","name":"eventBus"}}
{"__type":"$$EventMessageWorkflow","id":"e2c47d85-19f8-4c47-aea4-472faeea15a0","ts":"2024-11-29T19:39:19.970+03:00","eventName":"n8n.workflow.success","message":"n8n.workflow.success","payload":{"executionId":"12","userId":"849d5f14-2c00-4409-96d1-579b325ffe8a","success":true,"isManual":true,"workflowId":"vt3IozycihtLIWwz","workflowName":"My workflow"}}
{"__type":"$$EventMessageConfirm","confirm":"e2c47d85-19f8-4c47-aea4-472faeea15a0","ts":"2024-11-29T19:39:19.970+03:00","source":{"id":"0","name":"eventBus"}}
{"__type":"$$EventMessageWorkflow","id":"a8cab506-86d2-4f4e-a0a2-f4ae61afb57e","ts":"2024-11-29T19:40:23.878+03:00","eventName":"n8n.workflow.started","message":"n8n.workflow.started","payload":{"executionId":"13","isManual":false}}
{"__type":"$$EventMessageConfirm","confirm":"a8cab506-86d2-4f4e-a0a2-f4ae61afb57e","ts":"2024-11-29T19:40:23.878+03:00","source":{"id":"0","name":"eventBus"}}
{"__type":"$$EventMessageNode","id":"f6f0e019-ded8-4a63-bb8c-f31f0a4c1929","ts":"2024-11-29T19:40:23.878+03:00","eventName":"n8n.node.started","message":"n8n.node.started","payload":{"workflowId":"vt3IozycihtLIWwz","workflowName":"My workflow","executionId":"13","nodeType":"n8n-nodes-base.telegram","nodeName":"Telegram"}}
{"__type":"$$EventMessageConfirm","confirm":"f6f0e019-ded8-4a63-bb8c-f31f0a4c1929","ts":"2024-11-29T19:40:23.878+03:00","source":{"id":"0","name":"eventBus"}}
{"__type":"$$EventMessageNode","id":"a784c333-0cd8-44a8-a058-d44e0616cce0","ts":"2024-11-29T19:40:24.081+03:00","eventName":"n8n.node.finished","message":"n8n.node.finished","payload":{"workflowId":"vt3IozycihtLIWwz","workflowName":"My workflow","executionId":"13","nodeType":"n8n-nodes-base.telegram","nodeName":"Telegram"}}
{"__type":"$$EventMessageConfirm","confirm":"a784c333-0cd8-44a8-a058-d44e0616cce0","ts":"2024-11-29T19:40:24.081+03:00","source":{"id":"0","name":"eventBus"}}
{"__type":"$$EventMessageWorkflow","id":"5a10dbc5-8c4c-4c30-9011-e61bb5c4cf55","ts":"2024-11-29T19:40:24.098+03:00","eventName":"n8n.workflow.success","message":"n8n.workflow.success","payload":{"executionId":"13","userId":"849d5f14-2c00-4409-96d1-579b325ffe8a","success":true,"isManual":true,"workflowId":"vt3IozycihtLIWwz","workflowName":"My workflow"}}
{"__type":"$$EventMessageConfirm","confirm":"5a10dbc5-8c4c-4c30-9011-e61bb5c4cf55","ts":"2024-11-29T19:40:24.098+03:00","source":{"id":"0","name":"eventBus"}}
{"__type":"$$EventMessageWorkflow","id":"0e849d19-b51d-40ad-a7aa-d09b30ec08b4","ts":"2024-11-29T19:41:31.046+03:00","eventName":"n8n.workflow.started","message":"n8n.workflow.started","payload":{"executionId":"14","isManual":false}}
{"__type":"$$EventMessageConfirm","confirm":"0e849d19-b51d-40ad-a7aa-d09b30ec08b4","ts":"2024-11-29T19:41:31.046+03:00","source":{"id":"0","name":"eventBus"}}
{"__type":"$$EventMessageNode","id":"b68d7c49-e0c3-47ba-b625-f2d3224b3473","ts":"2024-11-29T19:41:31.046+03:00","eventName":"n8n.node.started","message":"n8n.node.started","payload":{"workflowId":"vt3IozycihtLIWwz","workflowName":"My workflow","executionId":"14","nodeType":"n8n-nodes-base.telegram","nodeName":"Telegram"}}
{"__type":"$$EventMessageConfirm","confirm":"b68d7c49-e0c3-47ba-b625-f2d3224b3473","ts":"2024-11-29T19:41:31.046+03:00","source":{"id":"0","name":"eventBus"}}
{"__type":"$$EventMessageNode","id":"4e0bc56c-94b3-40d1-8bda-75c34b1ece7d","ts":"2024-11-29T19:41:31.301+03:00","eventName":"n8n.node.finished","message":"n8n.node.finished","payload":{"workflowId":"vt3IozycihtLIWwz","workflowName":"My workflow","executionId":"14","nodeType":"n8n-nodes-base.telegram","nodeName":"Telegram"}}
{"__type":"$$EventMessageConfirm","confirm":"4e0bc56c-94b3-40d1-8bda-75c34b1ece7d","ts":"2024-11-29T19:41:31.301+03:00","source":{"id":"0","name":"eventBus"}}
{"__type":"$$EventMessageWorkflow","id":"c5768a55-48c6-40f4-9e25-f81c6696f712","ts":"2024-11-29T19:41:31.318+03:00","eventName":"n8n.workflow.success","message":"n8n.workflow.success","payload":{"executionId":"14","userId":"849d5f14-2c00-4409-96d1-579b325ffe8a","success":true,"isManual":true,"workflowId":"vt3IozycihtLIWwz","workflowName":"My workflow"}}
{"__type":"$$EventMessageConfirm","confirm":"c5768a55-48c6-40f4-9e25-f81c6696f712","ts":"2024-11-29T19:41:31.318+03:00","source":{"id":"0","name":"eventBus"}}
{"__type":"$$EventMessageAudit","id":"6f17b2aa-bc13-43e5-9e40-44d158b1a06f","ts":"2024-11-29T19:42:34.184+03:00","eventName":"n8n.audit.workflow.updated","message":"n8n.audit.workflow.updated","payload":{"userId":"849d5f14-2c00-4409-96d1-579b325ffe8a","_email":"figanop@inbox.ru","_firstName":"Alex","_lastName":"Nov","globalRole":"global:owner","workflowId":"vt3IozycihtLIWwz","workflowName":"My workflow"}}
{"__type":"$$EventMessageConfirm","confirm":"6f17b2aa-bc13-43e5-9e40-44d158b1a06f","ts":"2024-11-29T19:42:34.185+03:00","source":{"id":"0","name":"eventBus"}}
